# JRE version: OpenJDK Runtime Environment (11.0.11+9) (build 11.0.11+9-b60-7590822)
# Java VM: OpenJDK 64-Bit Server VM (11.0.11+9-b60-7590822, mixed mode, tiered, compressed oops, g1 gc, windows-amd64)
Heap:
 garbage-first heap   total 156672K, used 60287K [0x0000000083000000, 0x0000000100000000)
  region size 1024K, 27 young (27648K), 9 survivors (9216K)
 Metaspace       used 57313K, capacity 57994K, committed 58240K, reserved 1099776K
  class space    used 6658K, capacity 6956K, committed 7040K, reserved 1048576K
GC Heap History (14 events):
Event: 0.442 GC heap before
{Heap before GC invocations=0 (full 0):
 garbage-first heap   total 129024K, used 27648K [0x0000000083000000, 0x0000000100000000)
  region size 1024K, 24 young (24576K), 0 survivors (0K)
 Metaspace       used 12367K, capacity 12504K, committed 12800K, reserved 1060864K
  class space    used 1165K, capacity 1207K, committed 1280K, reserved 1048576K
}
Event: 0.445 GC heap after
{Heap after GC invocations=1 (full 0):
 garbage-first heap   total 129024K, used 5834K [0x0000000083000000, 0x0000000100000000)
  region size 1024K, 3 young (3072K), 3 survivors (3072K)
 Metaspace       used 12367K, capacity 12504K, committed 12800K, reserved 1060864K
  class space    used 1165K, capacity 1207K, committed 1280K, reserved 1048576K
}
Event: 0.894 GC heap before
{Heap before GC invocations=1 (full 0):
 garbage-first heap   total 129024K, used 40650K [0x0000000083000000, 0x0000000100000000)
  region size 1024K, 38 young (38912K), 3 survivors (3072K)
 Metaspace       used 20726K, capacity 20994K, committed 21248K, reserved 1069056K
  class space    used 2203K, capacity 2280K, committed 2304K, reserved 1048576K
}
Event: 0.904 GC heap after
{Heap after GC invocations=2 (full 0):
 garbage-first heap   total 129024K, used 9201K [0x0000000083000000, 0x0000000100000000)
  region size 1024K, 6 young (6144K), 6 survivors (6144K)
 Metaspace       used 20726K, capacity 20994K, committed 21248K, reserved 1069056K
  class space    used 2203K, capacity 2280K, committed 2304K, reserved 1048576K
}
Event: 1.567 GC heap before
{Heap before GC invocations=3 (full 0):
 garbage-first heap   total 129024K, used 63473K [0x0000000083000000, 0x0000000100000000)
  region size 1024K, 54 young (55296K), 6 survivors (6144K)
 Metaspace       used 32375K, capacity 32888K, committed 33024K, reserved 1077248K
  class space    used 4092K, capacity 4320K, committed 4352K, reserved 1048576K
}
Event: 1.578 GC heap after
{Heap after GC invocations=4 (full 0):
 garbage-first heap   total 129024K, used 20411K [0x0000000083000000, 0x0000000100000000)
  region size 1024K, 7 young (7168K), 7 survivors (7168K)
 Metaspace       used 32375K, capacity 32888K, committed 33024K, reserved 1077248K
  class space    used 4092K, capacity 4320K, committed 4352K, reserved 1048576K
}
Event: 1.669 GC heap before
{Heap before GC invocations=4 (full 0):
 garbage-first heap   total 129024K, used 28603K [0x0000000083000000, 0x0000000100000000)
  region size 1024K, 16 young (16384K), 7 survivors (7168K)
 Metaspace       used 34793K, capacity 35325K, committed 35584K, reserved 1081344K
  class space    used 4376K, capacity 4578K, committed 4608K, reserved 1048576K
}
Event: 1.681 GC heap after
{Heap after GC invocations=5 (full 0):
 garbage-first heap   total 129024K, used 21504K [0x0000000083000000, 0x0000000100000000)
  region size 1024K, 1 young (1024K), 1 survivors (1024K)
 Metaspace       used 34793K, capacity 35325K, committed 35584K, reserved 1081344K
  class space    used 4376K, capacity 4578K, committed 4608K, reserved 1048576K
}
Event: 2.152 GC heap before
{Heap before GC invocations=6 (full 0):
 garbage-first heap   total 129024K, used 65536K [0x0000000083000000, 0x0000000100000000)
  region size 1024K, 44 young (45056K), 1 survivors (1024K)
 Metaspace       used 42743K, capacity 43247K, committed 43520K, reserved 1087488K
  class space    used 5160K, capacity 5361K, committed 5376K, reserved 1048576K
}
Event: 2.157 GC heap after
{Heap after GC invocations=7 (full 0):
 garbage-first heap   total 156672K, used 23017K [0x0000000083000000, 0x0000000100000000)
  region size 1024K, 5 young (5120K), 5 survivors (5120K)
 Metaspace       used 42743K, capacity 43247K, committed 43520K, reserved 1087488K
  class space    used 5160K, capacity 5361K, committed 5376K, reserved 1048576K
}
Event: 2.890 GC heap before
{Heap before GC invocations=7 (full 0):
 garbage-first heap   total 156672K, used 81385K [0x0000000083000000, 0x0000000100000000)
  region size 1024K, 59 young (60416K), 5 survivors (5120K)
 Metaspace       used 51670K, capacity 52369K, committed 52480K, reserved 1095680K
  class space    used 6091K, capacity 6363K, committed 6400K, reserved 1048576K
}
Event: 2.902 GC heap after
{Heap after GC invocations=8 (full 0):
 garbage-first heap   total 156672K, used 33890K [0x0000000083000000, 0x0000000100000000)
  region size 1024K, 8 young (8192K), 8 survivors (8192K)
 Metaspace       used 51670K, capacity 52369K, committed 52480K, reserved 1095680K
  class space    used 6091K, capacity 6363K, committed 6400K, reserved 1048576K
}
Event: 3.660 GC heap before
{Heap before GC invocations=8 (full 0):
 garbage-first heap   total 156672K, used 92258K [0x0000000083000000, 0x0000000100000000)
  region size 1024K, 65 young (66560K), 8 survivors (8192K)
 Metaspace       used 56385K, capacity 57107K, committed 57344K, reserved 1099776K
  class space    used 6556K, capacity 6852K, committed 6912K, reserved 1048576K
}
Event: 3.672 GC heap after
{Heap after GC invocations=9 (full 0):
 garbage-first heap   total 156672K, used 42879K [0x0000000083000000, 0x0000000100000000)
  region size 1024K, 9 young (9216K), 9 survivors (9216K)
 Metaspace       used 56385K, capacity 57107K, committed 57344K, reserved 1099776K
  class space    used 6556K, capacity 6852K, committed 6912K, reserved 1048576K
}

